2023-11-06 22:57:21 [scrapy.utils.log] INFO: Scrapy 2.11.0 started (bot: sportsbook)
2023-11-06 22:57:21 [scrapy.utils.log] INFO: Versions: lxml 4.9.3.0, libxml2 2.10.3, cssselect 1.2.0, parsel 1.8.1, w3lib 2.1.2, Twisted 22.10.0, Python 3.10.11 (tags/v3.10.11:7d4cc5a, Apr  5 2023, 00:38:17) [MSC v.1929 64 bit (AMD64)], pyOpenSSL 23.3.0 (OpenSSL 3.1.4 24 Oct 2023), cryptography 41.0.5, Platform Windows-10-10.0.22631-SP0
2023-11-06 22:57:23 [scrapy.addons] INFO: Enabled addons:
[]
2023-11-06 22:57:23 [scrapy.extensions.telnet] INFO: Telnet Password: f3938f6b48a45f1e
2023-11-06 22:57:23 [scrapy.middleware] INFO: Enabled extensions:
['scrapy.extensions.corestats.CoreStats',
 'scrapy.extensions.telnet.TelnetConsole',
 'scrapy.extensions.feedexport.FeedExporter',
 'scrapy.extensions.logstats.LogStats']
2023-11-06 22:57:23 [scrapy.crawler] INFO: Overridden settings:
{'BOT_NAME': 'sportsbook',
 'FEED_EXPORT_ENCODING': 'utf-8',
 'LOG_FILE': 'football.log',
 'LOG_LEVEL': 'INFO',
 'NEWSPIDER_MODULE': 'sportsbook.spiders',
 'REQUEST_FINGERPRINTER_IMPLEMENTATION': '2.7',
 'SPIDER_MODULES': ['sportsbook.spiders'],
 'TWISTED_REACTOR': 'twisted.internet.asyncioreactor.AsyncioSelectorReactor'}
2023-11-06 22:57:23 [scrapy.middleware] INFO: Enabled downloader middlewares:
['scrapy.downloadermiddlewares.httpauth.HttpAuthMiddleware',
 'scrapy.downloadermiddlewares.downloadtimeout.DownloadTimeoutMiddleware',
 'scrapy.downloadermiddlewares.defaultheaders.DefaultHeadersMiddleware',
 'scrapy.downloadermiddlewares.useragent.UserAgentMiddleware',
 'scrapy.downloadermiddlewares.retry.RetryMiddleware',
 'scrapy.downloadermiddlewares.redirect.MetaRefreshMiddleware',
 'scrapy.downloadermiddlewares.httpcompression.HttpCompressionMiddleware',
 'scrapy.downloadermiddlewares.redirect.RedirectMiddleware',
 'scrapy.downloadermiddlewares.cookies.CookiesMiddleware',
 'scrapy.downloadermiddlewares.httpproxy.HttpProxyMiddleware',
 'scrapy.downloadermiddlewares.stats.DownloaderStats']
2023-11-06 22:57:23 [scrapy.middleware] INFO: Enabled spider middlewares:
['scrapy.spidermiddlewares.httperror.HttpErrorMiddleware',
 'scrapy.spidermiddlewares.offsite.OffsiteMiddleware',
 'scrapy.spidermiddlewares.referer.RefererMiddleware',
 'scrapy.spidermiddlewares.urllength.UrlLengthMiddleware',
 'scrapy.spidermiddlewares.depth.DepthMiddleware']
2023-11-06 22:57:23 [scrapy.middleware] INFO: Enabled item pipelines:
[]
2023-11-06 22:57:23 [scrapy.core.engine] INFO: Spider opened
2023-11-06 22:57:23 [scrapy.extensions.logstats] INFO: Crawled 0 pages (at 0 pages/min), scraped 0 items (at 0 items/min)
2023-11-06 22:57:23 [scrapy.extensions.telnet] INFO: Telnet console listening on 127.0.0.1:6023
2023-11-06 22:57:24 [football] INFO: Open football matches start page
2023-11-06 22:57:39 [football] INFO: Open football matches page for state: Arizona
2023-11-06 23:01:07 [football] INFO: Start receiving football matches data for Arizona
2023-11-06 23:01:07 [scrapy.extensions.logstats] INFO: Crawled 1 pages (at 1 pages/min), scraped 1 items (at 1 items/min)
2023-11-06 23:01:08 [football] INFO: Football matches data for Arizona received successfully
2023-11-06 23:01:08 [football] INFO: Open football matches page for state: Colorado
2023-11-06 23:04:47 [football] INFO: Start receiving football matches data for Colorado
2023-11-06 23:04:48 [scrapy.extensions.logstats] INFO: Crawled 1 pages (at 0 pages/min), scraped 645 items (at 644 items/min)
2023-11-06 23:04:49 [football] INFO: Football matches data for Colorado received successfully
2023-11-06 23:04:49 [football] INFO: Open football matches page for state: District of Columbia
2023-11-06 23:06:51 [football] INFO: Start receiving football matches data for District of Columbia
2023-11-06 23:06:51 [scrapy.extensions.logstats] INFO: Crawled 1 pages (at 0 pages/min), scraped 1277 items (at 632 items/min)
2023-11-06 23:06:52 [football] INFO: Football matches data for District of Columbia received successfully
2023-11-06 23:06:52 [football] INFO: Open football matches page for state: Illinois
2023-11-06 23:10:14 [football] INFO: Start receiving football matches data for Illinois
2023-11-06 23:10:14 [scrapy.extensions.logstats] INFO: Crawled 1 pages (at 0 pages/min), scraped 1724 items (at 447 items/min)
2023-11-06 23:10:15 [football] INFO: Football matches data for Illinois received successfully
2023-11-06 23:10:15 [football] INFO: Open football matches page for state: Indiana
2023-11-06 23:12:45 [football] INFO: Start receiving football matches data for Indiana
2023-11-06 23:12:45 [scrapy.extensions.logstats] INFO: Crawled 1 pages (at 0 pages/min), scraped 2307 items (at 583 items/min)
2023-11-06 23:12:46 [football] INFO: Football matches data for Indiana received successfully
2023-11-06 23:12:46 [football] INFO: Open football matches page for state: Iowa
2023-11-06 23:15:43 [football] INFO: Start receiving football matches data for Iowa
2023-11-06 23:15:44 [scrapy.extensions.logstats] INFO: Crawled 1 pages (at 0 pages/min), scraped 2756 items (at 449 items/min)
2023-11-06 23:15:44 [football] INFO: Football matches data for Iowa received successfully
2023-11-06 23:15:44 [football] INFO: Open football matches page for state: Kansas
2023-11-06 23:19:43 [football] INFO: Start receiving football matches data for Kansas
2023-11-06 23:19:43 [scrapy.extensions.logstats] INFO: Crawled 1 pages (at 0 pages/min), scraped 3312 items (at 556 items/min)
2023-11-06 23:19:44 [football] INFO: Football matches data for Kansas received successfully
2023-11-06 23:19:44 [football] INFO: Open football matches page for state: Kentucky
2023-11-06 23:21:19 [football] INFO: Start receiving football matches data for Kentucky
2023-11-06 23:21:19 [scrapy.extensions.logstats] INFO: Crawled 1 pages (at 0 pages/min), scraped 3935 items (at 623 items/min)
2023-11-06 23:21:20 [football] INFO: Football matches data for Kentucky received successfully
2023-11-06 23:21:20 [football] INFO: Open football matches page for state: Louisiana
2023-11-06 23:24:15 [football] INFO: Start receiving football matches data for Louisiana
2023-11-06 23:24:16 [scrapy.extensions.logstats] INFO: Crawled 1 pages (at 0 pages/min), scraped 4297 items (at 362 items/min)
2023-11-06 23:24:16 [football] INFO: Football matches data for Louisiana received successfully
2023-11-06 23:24:16 [football] INFO: Open football matches page for state: Maine
2023-11-06 23:28:35 [football] INFO: Start receiving football matches data for Maine
2023-11-06 23:28:35 [scrapy.extensions.logstats] INFO: Crawled 1 pages (at 0 pages/min), scraped 4803 items (at 506 items/min)
2023-11-06 23:28:36 [football] INFO: Football matches data for Maine received successfully
2023-11-06 23:28:36 [football] INFO: Open football matches page for state: Maryland
2023-11-06 23:32:17 [football] INFO: Start receiving football matches data for Maryland
2023-11-06 23:32:18 [scrapy.extensions.logstats] INFO: Crawled 1 pages (at 0 pages/min), scraped 5397 items (at 594 items/min)
2023-11-06 23:32:19 [football] INFO: Football matches data for Maryland received successfully
2023-11-06 23:32:19 [football] INFO: Open football matches page for state: Massachusetts
2023-11-06 23:36:17 [football] INFO: Start receiving football matches data for Massachusetts
2023-11-06 23:36:19 [scrapy.extensions.logstats] INFO: Crawled 1 pages (at 0 pages/min), scraped 6032 items (at 635 items/min)
2023-11-06 23:36:20 [football] INFO: Football matches data for Massachusetts received successfully
2023-11-06 23:36:20 [football] INFO: Open football matches page for state: Michigan
2023-11-06 23:39:48 [football] INFO: Start receiving football matches data for Michigan
2023-11-06 23:39:48 [scrapy.extensions.logstats] INFO: Crawled 1 pages (at 0 pages/min), scraped 6643 items (at 611 items/min)
2023-11-06 23:39:49 [football] INFO: Football matches data for Michigan received successfully
2023-11-06 23:39:49 [football] INFO: Open football matches page for state: New Jersey
2023-11-06 23:43:02 [football] INFO: Start receiving football matches data for New Jersey
2023-11-06 23:43:02 [scrapy.extensions.logstats] INFO: Crawled 1 pages (at 0 pages/min), scraped 7122 items (at 479 items/min)
2023-11-06 23:43:03 [football] INFO: Football matches data for New Jersey received successfully
2023-11-06 23:43:03 [football] INFO: Open football matches page for state: New York
2023-11-06 23:44:04 [football] INFO: Start receiving football matches data for New York
2023-11-06 23:44:04 [scrapy.extensions.logstats] INFO: Crawled 1 pages (at 0 pages/min), scraped 7684 items (at 562 items/min)
2023-11-06 23:44:05 [football] INFO: Football matches data for New York received successfully
2023-11-06 23:44:05 [football] INFO: Open football matches page for state: Ohio
2023-11-06 23:45:02 [football] INFO: Start receiving football matches data for Ohio
2023-11-06 23:45:02 [scrapy.extensions.logstats] INFO: Crawled 1 pages (at 0 pages/min), scraped 7925 items (at 241 items/min)
2023-11-06 23:45:02 [football] INFO: Football matches data for Ohio received successfully
2023-11-06 23:45:02 [football] INFO: Open football matches page for state: Ontario
2023-11-06 23:49:03 [football] INFO: Start receiving football matches data for Ontario
2023-11-06 23:49:03 [scrapy.extensions.logstats] INFO: Crawled 1 pages (at 0 pages/min), scraped 8141 items (at 216 items/min)
2023-11-06 23:49:05 [football] INFO: Football matches data for Ontario received successfully
2023-11-06 23:49:05 [football] INFO: Open football matches page for state: Pennsylvania
2023-11-06 23:51:30 [football] INFO: Start receiving football matches data for Pennsylvania
2023-11-06 23:51:30 [scrapy.extensions.logstats] INFO: Crawled 1 pages (at 0 pages/min), scraped 8754 items (at 613 items/min)
2023-11-06 23:51:31 [football] INFO: Football matches data for Pennsylvania received successfully
2023-11-06 23:51:31 [football] INFO: Open football matches page for state: Puerto Rico
2023-11-06 23:55:12 [football] INFO: Start receiving football matches data for Puerto Rico
2023-11-06 23:55:12 [scrapy.extensions.logstats] INFO: Crawled 1 pages (at 0 pages/min), scraped 9273 items (at 519 items/min)
2023-11-06 23:55:13 [football] INFO: Football matches data for Puerto Rico received successfully
2023-11-06 23:55:13 [football] INFO: Open football matches page for state: Tennessee
2023-11-06 23:58:35 [football] INFO: Start receiving football matches data for Tennessee
2023-11-06 23:58:35 [scrapy.extensions.logstats] INFO: Crawled 1 pages (at 0 pages/min), scraped 9870 items (at 597 items/min)
2023-11-06 23:58:36 [football] INFO: Football matches data for Tennessee received successfully
2023-11-06 23:58:36 [football] INFO: Open football matches page for state: Virginia
2023-11-07 00:01:35 [football] INFO: Start receiving football matches data for Virginia
2023-11-07 00:01:35 [scrapy.extensions.logstats] INFO: Crawled 1 pages (at 0 pages/min), scraped 10481 items (at 611 items/min)
2023-11-07 00:01:36 [football] INFO: Football matches data for Virginia received successfully
2023-11-07 00:01:36 [football] INFO: Open football matches page for state: West Virginia
2023-11-07 00:05:54 [football] INFO: Start receiving football matches data for West Virginia
2023-11-07 00:05:54 [scrapy.extensions.logstats] INFO: Crawled 1 pages (at 0 pages/min), scraped 11035 items (at 554 items/min)
2023-11-07 00:05:55 [football] INFO: Football matches data for West Virginia received successfully
2023-11-07 00:05:55 [football] INFO: Open football matches page for state: Wyoming
2023-11-07 00:07:21 [football] INFO: Start receiving football matches data for Wyoming
2023-11-07 00:07:21 [scrapy.extensions.logstats] INFO: Crawled 1 pages (at 0 pages/min), scraped 11625 items (at 590 items/min)
2023-11-07 00:07:22 [football] INFO: Football matches data for Wyoming received successfully
2023-11-07 00:07:22 [scrapy.core.engine] INFO: Closing spider (finished)
2023-11-07 00:07:23 [scrapy.extensions.feedexport] INFO: Stored csv feed (12028 items) in: football.csv
2023-11-07 00:07:23 [scrapy.statscollectors] INFO: Dumping Scrapy stats:
{'downloader/request_bytes': 252,
 'downloader/request_count': 1,
 'downloader/request_method_count/GET': 1,
 'downloader/response_bytes': 3426,
 'downloader/response_count': 1,
 'downloader/response_status_count/200': 1,
 'elapsed_time_seconds': 4199.604676,
 'feedexport/success_count/FileFeedStorage': 1,
 'finish_reason': 'finished',
 'finish_time': datetime.datetime(2023, 11, 6, 22, 7, 23, 264162, tzinfo=datetime.timezone.utc),
 'item_scraped_count': 12028,
 'log_count/INFO': 104,
 'response_received_count': 1,
 'scheduler/dequeued': 1,
 'scheduler/dequeued/memory': 1,
 'scheduler/enqueued': 1,
 'scheduler/enqueued/memory': 1,
 'start_time': datetime.datetime(2023, 11, 6, 20, 57, 23, 659486, tzinfo=datetime.timezone.utc)}
2023-11-07 00:07:23 [scrapy.core.engine] INFO: Spider closed (finished)
